{
  "uid" : "5a833e8756807f67",
  "name" : "testCustomerCreation",
  "fullName" : "com.template.project.api.tests.featureflow.SampleTest.testCustomerCreation",
  "historyId" : "bbafe3222041f97369137b9206133a69",
  "time" : {
    "start" : 1643942284807,
    "stop" : 1643942289863,
    "duration" : 5056
  },
  "description" : "Verify Customer creation",
  "descriptionHtml" : "<p>Verify Customer creation</p>\n",
  "status" : "failed",
  "statusMessage" : "1 expectation failed.\nExpected content-type \"JSON\" doesn't match actual content-type \"text/html;charset=UTF-8\".\n",
  "statusTrace" : "java.lang.AssertionError: 1 expectation failed.\nExpected content-type \"JSON\" doesn't match actual content-type \"text/html;charset=UTF-8\".\n\n\tat java.base/jdk.internal.reflect.NativeConstructorAccessorImpl.newInstance0(Native Method)\n\tat java.base/jdk.internal.reflect.NativeConstructorAccessorImpl.newInstance(NativeConstructorAccessorImpl.java:62)\n\tat java.base/jdk.internal.reflect.DelegatingConstructorAccessorImpl.newInstance(DelegatingConstructorAccessorImpl.java:45)\n\tat java.base/java.lang.reflect.Constructor.newInstance(Constructor.java:490)\n\tat org.codehaus.groovy.reflection.CachedConstructor.invoke(CachedConstructor.java:72)\n\tat org.codehaus.groovy.reflection.CachedConstructor.doConstructorInvoke(CachedConstructor.java:59)\n\tat org.codehaus.groovy.runtime.callsite.ConstructorSite$ConstructorSiteNoUnwrap.callConstructor(ConstructorSite.java:84)\n\tat org.codehaus.groovy.runtime.callsite.CallSiteArray.defaultCallConstructor(CallSiteArray.java:59)\n\tat org.codehaus.groovy.runtime.callsite.AbstractCallSite.callConstructor(AbstractCallSite.java:263)\n\tat org.codehaus.groovy.runtime.callsite.AbstractCallSite.callConstructor(AbstractCallSite.java:277)\n\tat io.restassured.internal.ResponseSpecificationImpl$HamcrestAssertionClosure.validate(ResponseSpecificationImpl.groovy:493)\n\tat io.restassured.internal.ResponseSpecificationImpl$HamcrestAssertionClosure$validate$2.call(Unknown Source)\n\tat org.codehaus.groovy.runtime.callsite.CallSiteArray.defaultCall(CallSiteArray.java:47)\n\tat org.codehaus.groovy.runtime.callsite.AbstractCallSite.call(AbstractCallSite.java:125)\n\tat org.codehaus.groovy.runtime.callsite.AbstractCallSite.call(AbstractCallSite.java:139)\n\tat io.restassured.internal.ResponseSpecificationImpl.validateResponseIfRequired(ResponseSpecificationImpl.groovy:674)\n\tat java.base/jdk.internal.reflect.NativeMethodAccessorImpl.invoke0(Native Method)\n\tat java.base/jdk.internal.reflect.NativeMethodAccessorImpl.invoke(NativeMethodAccessorImpl.java:62)\n\tat java.base/jdk.internal.reflect.DelegatingMethodAccessorImpl.invoke(DelegatingMethodAccessorImpl.java:43)\n\tat java.base/java.lang.reflect.Method.invoke(Method.java:566)\n\tat org.codehaus.groovy.runtime.callsite.PlainObjectMetaMethodSite.doInvoke(PlainObjectMetaMethodSite.java:43)\n\tat org.codehaus.groovy.runtime.callsite.PogoMetaMethodSite$PogoCachedMethodSiteNoUnwrapNoCoerce.invoke(PogoMetaMethodSite.java:193)\n\tat org.codehaus.groovy.runtime.callsite.PogoMetaMethodSite.callCurrent(PogoMetaMethodSite.java:61)\n\tat org.codehaus.groovy.runtime.callsite.CallSiteArray.defaultCallCurrent(CallSiteArray.java:51)\n\tat org.codehaus.groovy.runtime.callsite.AbstractCallSite.callCurrent(AbstractCallSite.java:171)\n\tat org.codehaus.groovy.runtime.callsite.AbstractCallSite.callCurrent(AbstractCallSite.java:185)\n\tat io.restassured.internal.ResponseSpecificationImpl.contentType(ResponseSpecificationImpl.groovy:421)\n\tat io.restassured.internal.ValidatableResponseOptionsImpl.contentType(ValidatableResponseOptionsImpl.java:220)\n\tat io.restassured.internal.ValidatableResponseImpl.super$2$contentType(ValidatableResponseImpl.groovy)\n\tat java.base/jdk.internal.reflect.NativeMethodAccessorImpl.invoke0(Native Method)\n\tat java.base/jdk.internal.reflect.NativeMethodAccessorImpl.invoke(NativeMethodAccessorImpl.java:62)\n\tat java.base/jdk.internal.reflect.DelegatingMethodAccessorImpl.invoke(DelegatingMethodAccessorImpl.java:43)\n\tat java.base/java.lang.reflect.Method.invoke(Method.java:566)\n\tat org.codehaus.groovy.reflection.CachedMethod.invoke(CachedMethod.java:107)\n\tat groovy.lang.MetaMethod.doMethodInvoke(MetaMethod.java:323)\n\tat groovy.lang.MetaClassImpl.invokeMethod(MetaClassImpl.java:1268)\n\tat org.codehaus.groovy.runtime.ScriptBytecodeAdapter.invokeMethodOnSuperN(ScriptBytecodeAdapter.java:144)\n\tat io.restassured.internal.ValidatableResponseImpl.contentType(ValidatableResponseImpl.groovy:278)\n\tat io.restassured.internal.ValidatableResponseImpl.contentType(ValidatableResponseImpl.groovy)\n\tat com.template.project.api.request.SampleRequests.createCustomer(SampleRequests.java:41)\n\tat com.template.project.api.tests.featureflow.SampleTest.testCustomerCreation(SampleTest.java:21)\n\tat java.base/jdk.internal.reflect.NativeMethodAccessorImpl.invoke0(Native Method)\n\tat java.base/jdk.internal.reflect.NativeMethodAccessorImpl.invoke(NativeMethodAccessorImpl.java:62)\n\tat java.base/jdk.internal.reflect.DelegatingMethodAccessorImpl.invoke(DelegatingMethodAccessorImpl.java:43)\n\tat java.base/java.lang.reflect.Method.invoke(Method.java:566)\n\tat org.testng.internal.MethodInvocationHelper.invokeMethod(MethodInvocationHelper.java:133)\n\tat org.testng.internal.TestInvoker.invokeMethod(TestInvoker.java:598)\n\tat org.testng.internal.TestInvoker.invokeTestMethod(TestInvoker.java:173)\n\tat org.testng.internal.MethodRunner.runInSequence(MethodRunner.java:46)\n\tat org.testng.internal.TestInvoker$MethodInvocationAgent.invoke(TestInvoker.java:824)\n\tat org.testng.internal.TestInvoker.invokeTestMethods(TestInvoker.java:146)\n\tat org.testng.internal.TestMethodWorker.invokeTestMethods(TestMethodWorker.java:146)\n\tat org.testng.internal.TestMethodWorker.run(TestMethodWorker.java:128)\n\tat java.base/java.util.concurrent.ThreadPoolExecutor.runWorker(ThreadPoolExecutor.java:1128)\n\tat java.base/java.util.concurrent.ThreadPoolExecutor$Worker.run(ThreadPoolExecutor.java:628)\n\tat java.base/java.lang.Thread.run(Thread.java:829)\n",
  "flaky" : false,
  "newFailed" : true,
  "beforeStages" : [ ],
  "testStage" : {
    "description" : "Verify Customer creation",
    "status" : "failed",
    "statusMessage" : "1 expectation failed.\nExpected content-type \"JSON\" doesn't match actual content-type \"text/html;charset=UTF-8\".\n",
    "statusTrace" : "java.lang.AssertionError: 1 expectation failed.\nExpected content-type \"JSON\" doesn't match actual content-type \"text/html;charset=UTF-8\".\n\n\tat java.base/jdk.internal.reflect.NativeConstructorAccessorImpl.newInstance0(Native Method)\n\tat java.base/jdk.internal.reflect.NativeConstructorAccessorImpl.newInstance(NativeConstructorAccessorImpl.java:62)\n\tat java.base/jdk.internal.reflect.DelegatingConstructorAccessorImpl.newInstance(DelegatingConstructorAccessorImpl.java:45)\n\tat java.base/java.lang.reflect.Constructor.newInstance(Constructor.java:490)\n\tat org.codehaus.groovy.reflection.CachedConstructor.invoke(CachedConstructor.java:72)\n\tat org.codehaus.groovy.reflection.CachedConstructor.doConstructorInvoke(CachedConstructor.java:59)\n\tat org.codehaus.groovy.runtime.callsite.ConstructorSite$ConstructorSiteNoUnwrap.callConstructor(ConstructorSite.java:84)\n\tat org.codehaus.groovy.runtime.callsite.CallSiteArray.defaultCallConstructor(CallSiteArray.java:59)\n\tat org.codehaus.groovy.runtime.callsite.AbstractCallSite.callConstructor(AbstractCallSite.java:263)\n\tat org.codehaus.groovy.runtime.callsite.AbstractCallSite.callConstructor(AbstractCallSite.java:277)\n\tat io.restassured.internal.ResponseSpecificationImpl$HamcrestAssertionClosure.validate(ResponseSpecificationImpl.groovy:493)\n\tat io.restassured.internal.ResponseSpecificationImpl$HamcrestAssertionClosure$validate$2.call(Unknown Source)\n\tat org.codehaus.groovy.runtime.callsite.CallSiteArray.defaultCall(CallSiteArray.java:47)\n\tat org.codehaus.groovy.runtime.callsite.AbstractCallSite.call(AbstractCallSite.java:125)\n\tat org.codehaus.groovy.runtime.callsite.AbstractCallSite.call(AbstractCallSite.java:139)\n\tat io.restassured.internal.ResponseSpecificationImpl.validateResponseIfRequired(ResponseSpecificationImpl.groovy:674)\n\tat java.base/jdk.internal.reflect.NativeMethodAccessorImpl.invoke0(Native Method)\n\tat java.base/jdk.internal.reflect.NativeMethodAccessorImpl.invoke(NativeMethodAccessorImpl.java:62)\n\tat java.base/jdk.internal.reflect.DelegatingMethodAccessorImpl.invoke(DelegatingMethodAccessorImpl.java:43)\n\tat java.base/java.lang.reflect.Method.invoke(Method.java:566)\n\tat org.codehaus.groovy.runtime.callsite.PlainObjectMetaMethodSite.doInvoke(PlainObjectMetaMethodSite.java:43)\n\tat org.codehaus.groovy.runtime.callsite.PogoMetaMethodSite$PogoCachedMethodSiteNoUnwrapNoCoerce.invoke(PogoMetaMethodSite.java:193)\n\tat org.codehaus.groovy.runtime.callsite.PogoMetaMethodSite.callCurrent(PogoMetaMethodSite.java:61)\n\tat org.codehaus.groovy.runtime.callsite.CallSiteArray.defaultCallCurrent(CallSiteArray.java:51)\n\tat org.codehaus.groovy.runtime.callsite.AbstractCallSite.callCurrent(AbstractCallSite.java:171)\n\tat org.codehaus.groovy.runtime.callsite.AbstractCallSite.callCurrent(AbstractCallSite.java:185)\n\tat io.restassured.internal.ResponseSpecificationImpl.contentType(ResponseSpecificationImpl.groovy:421)\n\tat io.restassured.internal.ValidatableResponseOptionsImpl.contentType(ValidatableResponseOptionsImpl.java:220)\n\tat io.restassured.internal.ValidatableResponseImpl.super$2$contentType(ValidatableResponseImpl.groovy)\n\tat java.base/jdk.internal.reflect.NativeMethodAccessorImpl.invoke0(Native Method)\n\tat java.base/jdk.internal.reflect.NativeMethodAccessorImpl.invoke(NativeMethodAccessorImpl.java:62)\n\tat java.base/jdk.internal.reflect.DelegatingMethodAccessorImpl.invoke(DelegatingMethodAccessorImpl.java:43)\n\tat java.base/java.lang.reflect.Method.invoke(Method.java:566)\n\tat org.codehaus.groovy.reflection.CachedMethod.invoke(CachedMethod.java:107)\n\tat groovy.lang.MetaMethod.doMethodInvoke(MetaMethod.java:323)\n\tat groovy.lang.MetaClassImpl.invokeMethod(MetaClassImpl.java:1268)\n\tat org.codehaus.groovy.runtime.ScriptBytecodeAdapter.invokeMethodOnSuperN(ScriptBytecodeAdapter.java:144)\n\tat io.restassured.internal.ValidatableResponseImpl.contentType(ValidatableResponseImpl.groovy:278)\n\tat io.restassured.internal.ValidatableResponseImpl.contentType(ValidatableResponseImpl.groovy)\n\tat com.template.project.api.request.SampleRequests.createCustomer(SampleRequests.java:41)\n\tat com.template.project.api.tests.featureflow.SampleTest.testCustomerCreation(SampleTest.java:21)\n\tat java.base/jdk.internal.reflect.NativeMethodAccessorImpl.invoke0(Native Method)\n\tat java.base/jdk.internal.reflect.NativeMethodAccessorImpl.invoke(NativeMethodAccessorImpl.java:62)\n\tat java.base/jdk.internal.reflect.DelegatingMethodAccessorImpl.invoke(DelegatingMethodAccessorImpl.java:43)\n\tat java.base/java.lang.reflect.Method.invoke(Method.java:566)\n\tat org.testng.internal.MethodInvocationHelper.invokeMethod(MethodInvocationHelper.java:133)\n\tat org.testng.internal.TestInvoker.invokeMethod(TestInvoker.java:598)\n\tat org.testng.internal.TestInvoker.invokeTestMethod(TestInvoker.java:173)\n\tat org.testng.internal.MethodRunner.runInSequence(MethodRunner.java:46)\n\tat org.testng.internal.TestInvoker$MethodInvocationAgent.invoke(TestInvoker.java:824)\n\tat org.testng.internal.TestInvoker.invokeTestMethods(TestInvoker.java:146)\n\tat org.testng.internal.TestMethodWorker.invokeTestMethods(TestMethodWorker.java:146)\n\tat org.testng.internal.TestMethodWorker.run(TestMethodWorker.java:128)\n\tat java.base/java.util.concurrent.ThreadPoolExecutor.runWorker(ThreadPoolExecutor.java:1128)\n\tat java.base/java.util.concurrent.ThreadPoolExecutor$Worker.run(ThreadPoolExecutor.java:628)\n\tat java.base/java.lang.Thread.run(Thread.java:829)\n",
    "steps" : [ {
      "name" : "Create Customer using POST request",
      "time" : {
        "start" : 1643942284898,
        "stop" : 1643942289858,
        "duration" : 4960
      },
      "status" : "failed",
      "statusMessage" : "1 expectation failed.\nExpected content-type \"JSON\" doesn't match actual content-type \"text/html;charset=UTF-8\".\n",
      "statusTrace" : "java.lang.AssertionError: 1 expectation failed.\nExpected content-type \"JSON\" doesn't match actual content-type \"text/html;charset=UTF-8\".\n\n\tat java.base/jdk.internal.reflect.NativeConstructorAccessorImpl.newInstance0(Native Method)\n\tat java.base/jdk.internal.reflect.NativeConstructorAccessorImpl.newInstance(NativeConstructorAccessorImpl.java:62)\n\tat java.base/jdk.internal.reflect.DelegatingConstructorAccessorImpl.newInstance(DelegatingConstructorAccessorImpl.java:45)\n\tat java.base/java.lang.reflect.Constructor.newInstance(Constructor.java:490)\n\tat org.codehaus.groovy.reflection.CachedConstructor.invoke(CachedConstructor.java:72)\n\tat org.codehaus.groovy.reflection.CachedConstructor.doConstructorInvoke(CachedConstructor.java:59)\n\tat org.codehaus.groovy.runtime.callsite.ConstructorSite$ConstructorSiteNoUnwrap.callConstructor(ConstructorSite.java:84)\n\tat org.codehaus.groovy.runtime.callsite.CallSiteArray.defaultCallConstructor(CallSiteArray.java:59)\n\tat org.codehaus.groovy.runtime.callsite.AbstractCallSite.callConstructor(AbstractCallSite.java:263)\n\tat org.codehaus.groovy.runtime.callsite.AbstractCallSite.callConstructor(AbstractCallSite.java:277)\n\tat io.restassured.internal.ResponseSpecificationImpl$HamcrestAssertionClosure.validate(ResponseSpecificationImpl.groovy:493)\n\tat io.restassured.internal.ResponseSpecificationImpl$HamcrestAssertionClosure$validate$2.call(Unknown Source)\n\tat org.codehaus.groovy.runtime.callsite.CallSiteArray.defaultCall(CallSiteArray.java:47)\n\tat org.codehaus.groovy.runtime.callsite.AbstractCallSite.call(AbstractCallSite.java:125)\n\tat org.codehaus.groovy.runtime.callsite.AbstractCallSite.call(AbstractCallSite.java:139)\n\tat io.restassured.internal.ResponseSpecificationImpl.validateResponseIfRequired(ResponseSpecificationImpl.groovy:674)\n\tat java.base/jdk.internal.reflect.NativeMethodAccessorImpl.invoke0(Native Method)\n\tat java.base/jdk.internal.reflect.NativeMethodAccessorImpl.invoke(NativeMethodAccessorImpl.java:62)\n\tat java.base/jdk.internal.reflect.DelegatingMethodAccessorImpl.invoke(DelegatingMethodAccessorImpl.java:43)\n\tat java.base/java.lang.reflect.Method.invoke(Method.java:566)\n\tat org.codehaus.groovy.runtime.callsite.PlainObjectMetaMethodSite.doInvoke(PlainObjectMetaMethodSite.java:43)\n\tat org.codehaus.groovy.runtime.callsite.PogoMetaMethodSite$PogoCachedMethodSiteNoUnwrapNoCoerce.invoke(PogoMetaMethodSite.java:193)\n\tat org.codehaus.groovy.runtime.callsite.PogoMetaMethodSite.callCurrent(PogoMetaMethodSite.java:61)\n\tat org.codehaus.groovy.runtime.callsite.CallSiteArray.defaultCallCurrent(CallSiteArray.java:51)\n\tat org.codehaus.groovy.runtime.callsite.AbstractCallSite.callCurrent(AbstractCallSite.java:171)\n\tat org.codehaus.groovy.runtime.callsite.AbstractCallSite.callCurrent(AbstractCallSite.java:185)\n\tat io.restassured.internal.ResponseSpecificationImpl.contentType(ResponseSpecificationImpl.groovy:421)\n\tat io.restassured.internal.ValidatableResponseOptionsImpl.contentType(ValidatableResponseOptionsImpl.java:220)\n\tat io.restassured.internal.ValidatableResponseImpl.super$2$contentType(ValidatableResponseImpl.groovy)\n\tat java.base/jdk.internal.reflect.NativeMethodAccessorImpl.invoke0(Native Method)\n\tat java.base/jdk.internal.reflect.NativeMethodAccessorImpl.invoke(NativeMethodAccessorImpl.java:62)\n\tat java.base/jdk.internal.reflect.DelegatingMethodAccessorImpl.invoke(DelegatingMethodAccessorImpl.java:43)\n\tat java.base/java.lang.reflect.Method.invoke(Method.java:566)\n\tat org.codehaus.groovy.reflection.CachedMethod.invoke(CachedMethod.java:107)\n\tat groovy.lang.MetaMethod.doMethodInvoke(MetaMethod.java:323)\n\tat groovy.lang.MetaClassImpl.invokeMethod(MetaClassImpl.java:1268)\n\tat org.codehaus.groovy.runtime.ScriptBytecodeAdapter.invokeMethodOnSuperN(ScriptBytecodeAdapter.java:144)\n\tat io.restassured.internal.ValidatableResponseImpl.contentType(ValidatableResponseImpl.groovy:278)\n\tat io.restassured.internal.ValidatableResponseImpl.contentType(ValidatableResponseImpl.groovy)\n\tat com.template.project.api.request.SampleRequests.createCustomer(SampleRequests.java:41)\n\tat com.template.project.api.tests.featureflow.SampleTest.testCustomerCreation(SampleTest.java:21)\n\tat java.base/jdk.internal.reflect.NativeMethodAccessorImpl.invoke0(Native Method)\n\tat java.base/jdk.internal.reflect.NativeMethodAccessorImpl.invoke(NativeMethodAccessorImpl.java:62)\n\tat java.base/jdk.internal.reflect.DelegatingMethodAccessorImpl.invoke(DelegatingMethodAccessorImpl.java:43)\n\tat java.base/java.lang.reflect.Method.invoke(Method.java:566)\n\tat org.testng.internal.MethodInvocationHelper.invokeMethod(MethodInvocationHelper.java:133)\n\tat org.testng.internal.TestInvoker.invokeMethod(TestInvoker.java:598)\n\tat org.testng.internal.TestInvoker.invokeTestMethod(TestInvoker.java:173)\n\tat org.testng.internal.MethodRunner.runInSequence(MethodRunner.java:46)\n\tat org.testng.internal.TestInvoker$MethodInvocationAgent.invoke(TestInvoker.java:824)\n\tat org.testng.internal.TestInvoker.invokeTestMethods(TestInvoker.java:146)\n\tat org.testng.internal.TestMethodWorker.invokeTestMethods(TestMethodWorker.java:146)\n\tat org.testng.internal.TestMethodWorker.run(TestMethodWorker.java:128)\n\tat java.base/java.util.concurrent.ThreadPoolExecutor.runWorker(ThreadPoolExecutor.java:1128)\n\tat java.base/java.util.concurrent.ThreadPoolExecutor$Worker.run(ThreadPoolExecutor.java:628)\n\tat java.base/java.lang.Thread.run(Thread.java:829)\n",
      "steps" : [ {
        "name" : "Get value from Environment config file",
        "time" : {
          "start" : 1643942285604,
          "stop" : 1643942285686,
          "duration" : 82
        },
        "status" : "passed",
        "steps" : [ {
          "name" : "INFO: Tests are run on defaultconfig",
          "time" : {
            "start" : 1643942285609,
            "stop" : 1643942285633,
            "duration" : 24
          },
          "status" : "passed",
          "steps" : [ ],
          "attachments" : [ ],
          "parameters" : [ {
            "name" : "message",
            "value" : "Tests are run on defaultconfig"
          } ],
          "stepsCount" : 0,
          "attachmentsCount" : 0,
          "shouldDisplayMessage" : false,
          "hasContent" : true
        }, {
          "name" : "INFO: https://api.predic8.de:443 is read from environment file",
          "time" : {
            "start" : 1643942285686,
            "stop" : 1643942285686,
            "duration" : 0
          },
          "status" : "passed",
          "steps" : [ ],
          "attachments" : [ ],
          "parameters" : [ {
            "name" : "message",
            "value" : "https://api.predic8.de:443 is read from environment file"
          } ],
          "stepsCount" : 0,
          "attachmentsCount" : 0,
          "shouldDisplayMessage" : false,
          "hasContent" : true
        } ],
        "attachments" : [ ],
        "parameters" : [ {
          "name" : "propName",
          "value" : "host_api"
        } ],
        "stepsCount" : 2,
        "attachmentsCount" : 0,
        "shouldDisplayMessage" : false,
        "hasContent" : true
      }, {
        "name" : "INFO: Base URI : https://api.predic8.de:443",
        "time" : {
          "start" : 1643942286062,
          "stop" : 1643942286062,
          "duration" : 0
        },
        "status" : "passed",
        "steps" : [ ],
        "attachments" : [ ],
        "parameters" : [ {
          "name" : "message",
          "value" : "Base URI : https://api.predic8.de:443"
        } ],
        "stepsCount" : 0,
        "attachmentsCount" : 0,
        "shouldDisplayMessage" : false,
        "hasContent" : true
      }, {
        "name" : "INFO: Path : /shop/customers/",
        "time" : {
          "start" : 1643942286062,
          "stop" : 1643942286062,
          "duration" : 0
        },
        "status" : "passed",
        "steps" : [ ],
        "attachments" : [ ],
        "parameters" : [ {
          "name" : "message",
          "value" : "Path : /shop/customers/"
        } ],
        "stepsCount" : 0,
        "attachmentsCount" : 0,
        "shouldDisplayMessage" : false,
        "hasContent" : true
      } ],
      "attachments" : [ {
        "uid" : "bdc0431595e409a0",
        "name" : "request body :",
        "source" : "bdc0431595e409a0.txt",
        "type" : "text/plain",
        "size" : 74
      } ],
      "parameters" : [ {
        "name" : "firstname",
        "value" : "customerFirstName"
      }, {
        "name" : "lastname",
        "value" : "customerLastName"
      } ],
      "stepsCount" : 5,
      "attachmentsCount" : 1,
      "shouldDisplayMessage" : true,
      "hasContent" : true
    } ],
    "attachments" : [ ],
    "parameters" : [ ],
    "stepsCount" : 6,
    "attachmentsCount" : 1,
    "shouldDisplayMessage" : false,
    "hasContent" : true
  },
  "afterStages" : [ ],
  "labels" : [ {
    "name" : "package",
    "value" : "com.template.project.api.tests.featureflow.SampleTest"
  }, {
    "name" : "testClass",
    "value" : "com.template.project.api.tests.featureflow.SampleTest"
  }, {
    "name" : "testMethod",
    "value" : "testCustomerCreation"
  }, {
    "name" : "parentSuite",
    "value" : "API integration suite"
  }, {
    "name" : "suite",
    "value" : "SHOP - Customer Flow"
  }, {
    "name" : "subSuite",
    "value" : "com.template.project.api.tests.featureflow.SampleTest"
  }, {
    "name" : "host",
    "value" : "fv-az121-225"
  }, {
    "name" : "thread",
    "value" : "2770@fv-az121-225.TestNG-test=SHOP - Customer Flow-1(14)"
  }, {
    "name" : "framework",
    "value" : "testng"
  }, {
    "name" : "language",
    "value" : "java"
  }, {
    "name" : "feature",
    "value" : "Shop"
  }, {
    "name" : "resultFormat",
    "value" : "allure2"
  } ],
  "parameters" : [ ],
  "links" : [ ],
  "hidden" : false,
  "retry" : false,
  "extra" : {
    "severity" : "normal",
    "retries" : [ ],
    "categories" : [ {
      "name" : "Product defects",
      "matchedStatuses" : [ ],
      "flaky" : false
    } ],
    "history" : {
      "statistic" : {
        "failed" : 1,
        "broken" : 0,
        "skipped" : 0,
        "passed" : 31,
        "unknown" : 0,
        "total" : 32
      },
      "items" : [ {
        "uid" : "c9f8a773509eb838",
        "reportUrl" : "https://ParthibanRajasekaran.github.io/restassured-gherkin-testng-allure/35//#testresult/c9f8a773509eb838",
        "status" : "passed",
        "time" : {
          "start" : 1643856483186,
          "stop" : 1643856490019,
          "duration" : 6833
        }
      }, {
        "uid" : "f168f9fe72298416",
        "reportUrl" : "https://ParthibanRajasekaran.github.io/restassured-gherkin-testng-allure/34//#testresult/f168f9fe72298416",
        "status" : "passed",
        "time" : {
          "start" : 1643770110611,
          "stop" : 1643770116679,
          "duration" : 6068
        }
      }, {
        "uid" : "744723fcc98ff856",
        "reportUrl" : "https://ParthibanRajasekaran.github.io/restassured-gherkin-testng-allure/33//#testresult/744723fcc98ff856",
        "status" : "passed",
        "time" : {
          "start" : 1643683814808,
          "stop" : 1643683820677,
          "duration" : 5869
        }
      }, {
        "uid" : "1df8f9fe6bcf63e",
        "reportUrl" : "https://ParthibanRajasekaran.github.io/restassured-gherkin-testng-allure/32//#testresult/1df8f9fe6bcf63e",
        "status" : "passed",
        "time" : {
          "start" : 1643597305026,
          "stop" : 1643597311232,
          "duration" : 6206
        }
      }, {
        "uid" : "f6071f41ab2cff44",
        "reportUrl" : "https://ParthibanRajasekaran.github.io/restassured-gherkin-testng-allure/31//#testresult/f6071f41ab2cff44",
        "status" : "passed",
        "time" : {
          "start" : 1643510860480,
          "stop" : 1643510866508,
          "duration" : 6028
        }
      }, {
        "uid" : "6e8c8897a9538419",
        "reportUrl" : "https://ParthibanRajasekaran.github.io/restassured-gherkin-testng-allure/30//#testresult/6e8c8897a9538419",
        "status" : "passed",
        "time" : {
          "start" : 1643424373697,
          "stop" : 1643424380114,
          "duration" : 6417
        }
      }, {
        "uid" : "6391ab82e931965d",
        "reportUrl" : "https://ParthibanRajasekaran.github.io/restassured-gherkin-testng-allure/29//#testresult/6391ab82e931965d",
        "status" : "passed",
        "time" : {
          "start" : 1643338302941,
          "stop" : 1643338307959,
          "duration" : 5018
        }
      }, {
        "uid" : "cd95fd8521d991b9",
        "reportUrl" : "https://ParthibanRajasekaran.github.io/restassured-gherkin-testng-allure/28//#testresult/cd95fd8521d991b9",
        "status" : "passed",
        "time" : {
          "start" : 1643251738748,
          "stop" : 1643251744332,
          "duration" : 5584
        }
      }, {
        "uid" : "5d9fd1085d5d1000",
        "reportUrl" : "https://ParthibanRajasekaran.github.io/restassured-gherkin-testng-allure/27//#testresult/5d9fd1085d5d1000",
        "status" : "passed",
        "time" : {
          "start" : 1643165601462,
          "stop" : 1643165607129,
          "duration" : 5667
        }
      }, {
        "uid" : "b8d1e636d2054407",
        "reportUrl" : "https://ParthibanRajasekaran.github.io/restassured-gherkin-testng-allure/26//#testresult/b8d1e636d2054407",
        "status" : "passed",
        "time" : {
          "start" : 1643079041578,
          "stop" : 1643079046723,
          "duration" : 5145
        }
      }, {
        "uid" : "ef4bf979f3173493",
        "reportUrl" : "https://ParthibanRajasekaran.github.io/restassured-gherkin-testng-allure/25//#testresult/ef4bf979f3173493",
        "status" : "passed",
        "time" : {
          "start" : 1642992946106,
          "stop" : 1642992951969,
          "duration" : 5863
        }
      }, {
        "uid" : "c14c52149f5fa424",
        "reportUrl" : "https://ParthibanRajasekaran.github.io/restassured-gherkin-testng-allure/24//#testresult/c14c52149f5fa424",
        "status" : "passed",
        "time" : {
          "start" : 1642906086086,
          "stop" : 1642906091299,
          "duration" : 5213
        }
      }, {
        "uid" : "17cff31aaf93bb0c",
        "reportUrl" : "https://ParthibanRajasekaran.github.io/restassured-gherkin-testng-allure/23//#testresult/17cff31aaf93bb0c",
        "status" : "passed",
        "time" : {
          "start" : 1642819770565,
          "stop" : 1642819776470,
          "duration" : 5905
        }
      }, {
        "uid" : "a84dd7e105a6c125",
        "reportUrl" : "https://ParthibanRajasekaran.github.io/restassured-gherkin-testng-allure/22//#testresult/a84dd7e105a6c125",
        "status" : "passed",
        "time" : {
          "start" : 1642733368422,
          "stop" : 1642733374169,
          "duration" : 5747
        }
      }, {
        "uid" : "7adbf83392887137",
        "reportUrl" : "https://ParthibanRajasekaran.github.io/restassured-gherkin-testng-allure/21//#testresult/7adbf83392887137",
        "status" : "passed",
        "time" : {
          "start" : 1642647264105,
          "stop" : 1642647269944,
          "duration" : 5839
        }
      }, {
        "uid" : "e26a3c22faec4817",
        "reportUrl" : "https://ParthibanRajasekaran.github.io/restassured-gherkin-testng-allure/20//#testresult/e26a3c22faec4817",
        "status" : "passed",
        "time" : {
          "start" : 1642560471264,
          "stop" : 1642560477192,
          "duration" : 5928
        }
      }, {
        "uid" : "80ce3791eb81c355",
        "reportUrl" : "https://ParthibanRajasekaran.github.io/restassured-gherkin-testng-allure/19//#testresult/80ce3791eb81c355",
        "status" : "passed",
        "time" : {
          "start" : 1642474889501,
          "stop" : 1642474894867,
          "duration" : 5366
        }
      }, {
        "uid" : "1f84a972a80bc13b",
        "reportUrl" : "https://ParthibanRajasekaran.github.io/restassured-gherkin-testng-allure/18//#testresult/1f84a972a80bc13b",
        "status" : "passed",
        "time" : {
          "start" : 1642388325416,
          "stop" : 1642388331304,
          "duration" : 5888
        }
      }, {
        "uid" : "d23d3bdc73a9dc8d",
        "reportUrl" : "https://ParthibanRajasekaran.github.io/restassured-gherkin-testng-allure/17//#testresult/d23d3bdc73a9dc8d",
        "status" : "passed",
        "time" : {
          "start" : 1642301934983,
          "stop" : 1642301941191,
          "duration" : 6208
        }
      }, {
        "uid" : "78df2ff66f000a91",
        "reportUrl" : "https://ParthibanRajasekaran.github.io/restassured-gherkin-testng-allure/16//#testresult/78df2ff66f000a91",
        "status" : "passed",
        "time" : {
          "start" : 1642215561133,
          "stop" : 1642215566973,
          "duration" : 5840
        }
      } ]
    },
    "tags" : [ ]
  },
  "source" : "5a833e8756807f67.json",
  "parameterValues" : [ ]
}